<?xml version="1.0" encoding="UTF-8"?>
<testsuite name="VocabTest" tests="1" skipped="0" failures="0" errors="0" timestamp="2021-11-14T03:58:04" hostname="DESKTOP-HMF9D8Q" time="0.042">
  <properties/>
  <testcase name="testAddStartingWord()" classname="VocabTest" time="0.042"/>
  <system-out><![CDATA[]]></system-out>
  <system-err><![CDATA[]]></system-err>
</testsuite>
